<?xml version="1.0" encoding="UTF-8"?>
<!-- Generated by org.testng.reporters.JUnitReportReporter -->
<testsuite hostname="USER" failures="0" tests="1" name="com.trello.Project.endtoend.Checkclass" time="17.098" errors="0" timestamp="2023-06-08T19:04:58 IST" skipped="0">
  <testcase classname="com.trello.Project.endtoend.Checkclass" name="trigetTheURL" time="17.098"/>
  <system-out/>
</testsuite> <!-- com.trello.Project.endtoend.Checkclass -->
