<?xml version="1.0" encoding="UTF-8"?>
<!-- Generated by org.testng.reporters.JUnitReportReporter -->
<testsuite hostname="USER" failures="0" tests="6" name="com.trello.Project.endtoend.TrelloBoard" time="252.271" errors="0" timestamp="2023-06-19T18:46:09 IST" skipped="0">
  <testcase classname="com.trello.Project.endtoend.TrelloBoard" name="TrelloCreateMultipleListAndSwapInCreatedBoard" time="58.907"/>
  <system-out>
    <![CDATA[Title = Log in to Trello
URL = https://trello.com/login
Title = Log in to continue - Log in with Atlassian account
URL = https://id.atlassian.com/login?application=trello&continue=https%3A%2F%2Ftrello.com%2Fauth%2Fatlassian%2Fcallback%3FreturnUrl%3D%252F%26display%3DeyJ2ZXJpZmljYXRpb25TdHJhdGVneSI6InNvZnQifQ%253D%253D%26aaOnboarding%3D%26updateEmail%3D%26traceId%3D649054dd5f52823c38cc7291587ce7d3%26ssoVerified%3D&display=eyJ2ZXJpZmljYXRpb25TdHJhdGVneSI6InNvZnQifQ%3D%3D&email=lohith.n1997%40gmail.com&errorCode&login_hint=lohith.n1997%40gmail.com&restrict=true
Title = Boards | Trello
URL = https://trello.com/u/lohithn1997/boards
LOGOUT IS ENABLE
Create Board Button is Vissibale
Title = Boards | Trello
URL = https://trello.com/u/lohithn1997/boards
Title = lohith.N | Trello
Title = Log out of your Atlassian account - Log in with Atlassian account
URL = https://id.atlassian.com/logout?continue=https%3A%2F%2Ftrello.com%2Flogout%3Fdsc%3D1b5a3cb08c20c2b0ba5af86eefff4f9476a03c41ac5db37a41e205c18bf6eb14
Title = Manage Your Team’s Projects From Anywhere | Trello
URL = https://trello.com/home]]>
  </system-out>
  <testcase classname="com.trello.Project.endtoend.TrelloBoard" name="TrelloHomePageCheck" time="9.002"/>
  <system-out>
    <![CDATA[Title = Manage Your Team’s Projects From Anywhere | Trello]]>
  </system-out>
  <testcase classname="com.trello.Project.endtoend.TrelloBoard" name="LoginInToTrello" time="50.300"/>
  <system-out>
    <![CDATA[Title = Manage Your Team’s Projects From Anywhere | Trello
Title = Log in to Trello
URL = https://trello.com/login
Title = Log in to continue - Log in with Atlassian account
URL https://id.atlassian.com/login?application=trello&continue=https%3A%2F%2Ftrello.com%2Fauth%2Fatlassian%2Fcallback%3FreturnUrl%3D%252F%26display%3DeyJ2ZXJpZmljYXRpb25TdHJhdGVneSI6InNvZnQifQ%253D%253D%26aaOnboarding%3D%26updateEmail%3D%26traceId%3D6490543351b4aaedf99f2eb5d24c82e7%26ssoVerified%3D&display=eyJ2ZXJpZmljYXRpb25TdHJhdGVneSI6InNvZnQifQ%3D%3D&email=lohith.n1997%40gmail.com&errorCode&login_hint=lohith.n1997%40gmail.com&restrict=true
Title = Boards | Trello
URL https://trello.com/u/lohithn1997/boards
LOGOUT IS ENABLE
Title = Log out of your Atlassian account - Log in with Atlassian account
URL https://id.atlassian.com/logout?continue=https%3A%2F%2Ftrello.com%2Flogout%3Fdsc%3Df4e7d78ed5245859ba18017574c4d07c624723bf12f48af2e41e3df7c3e5c92c
Title = Manage Your Team’s Projects From Anywhere | Trello
URL = https://trello.com/home]]>
  </system-out>
  <testcase classname="com.trello.Project.endtoend.TrelloBoard" name="TrelloCreateAndDeleteBoard" time="59.546"/>
  <system-out>
    <![CDATA[Title = Manage Your Team’s Projects From Anywhere | Trello
Title = Log in to Trello
URL = https://trello.com/login
Title = Log in to continue - Log in with Atlassian account
URL = https://id.atlassian.com/login?application=trello&continue=https%3A%2F%2Ftrello.com%2Fauth%2Fatlassian%2Fcallback%3FreturnUrl%3D%252F%26display%3DeyJ2ZXJpZmljYXRpb25TdHJhdGVneSI6InNvZnQifQ%253D%253D%26aaOnboarding%3D%26updateEmail%3D%26traceId%3D64905466d8dd4af72c940d16936e39d3%26ssoVerified%3D&display=eyJ2ZXJpZmljYXRpb25TdHJhdGVneSI6InNvZnQifQ%3D%3D&email=lohith.n1997%40gmail.com&errorCode&login_hint=lohith.n1997%40gmail.com&restrict=true
Title = Boards | Trello
URL = https://trello.com/u/lohithn1997/boards
LOGOUT IS ENABLE
Create Board Button is Vissibale
Title = lohith.N | Trello
URL = https://trello.com/b/GwjQGUXm/lohithn
Title = Log out of your Atlassian account - Log in with Atlassian account
URL = https://id.atlassian.com/logout?continue=https%3A%2F%2Ftrello.com%2Flogout%3Fdsc%3D95c3f92a15a1b97d6c7ffffcfd1cf997c183eca9d3f8a6f5768d79677384e6f7
Title = Manage Your Team’s Projects From Anywhere | Trello
URL = https://trello.com/home]]>
  </system-out>
  <testcase classname="com.trello.Project.endtoend.TrelloBoard" name="TrelloCreateListAndSwapInCreatedBoard" time="61.166"/>
  <system-out>
    <![CDATA[Title = Manage Your Team’s Projects From Anywhere | Trello
Title = Log in to Trello
URL = https://trello.com/login
Title = Log in to continue - Log in with Atlassian account
URL = https://id.atlassian.com/login?application=trello&continue=https%3A%2F%2Ftrello.com%2Fauth%2Fatlassian%2Fcallback%3FreturnUrl%3D%252F%26display%3DeyJ2ZXJpZmljYXRpb25TdHJhdGVneSI6InNvZnQifQ%253D%253D%26aaOnboarding%3D%26updateEmail%3D%26traceId%3D649054a1b8b256871d4fcbcdda1b13cc%26ssoVerified%3D&display=eyJ2ZXJpZmljYXRpb25TdHJhdGVneSI6InNvZnQifQ%3D%3D&email=lohith.n1997%40gmail.com&errorCode&login_hint=lohith.n1997%40gmail.com&restrict=true
Title = Boards | Trello
URL = https://trello.com/u/lohithn1997/boards
LOGOUT IS ENABLE
Create Board Button is Vissibale
Title = Boards | Trello
URL = https://trello.com/u/lohithn1997/boards
Title = lohith.N | Trello
Title = Log out of your Atlassian account - Log in with Atlassian account
URL = https://id.atlassian.com/logout?continue=https%3A%2F%2Ftrello.com%2Flogout%3Fdsc%3Dcc1e7be2b3bb506d4eab30d48853ff2e7c4b68b8a73dc9d228864a1e186acaed
Title = Manage Your Team’s Projects From Anywhere | Trello
URL = https://trello.com/home]]>
  </system-out>
  <testcase classname="com.trello.Project.endtoend.TrelloBoard" name="TrelloHomePagelogin" time="13.350"/>
  <system-out>
    <![CDATA[Title = Manage Your Team’s Projects From Anywhere | Trello
Title = Log in to Trello
URL https://trello.com/login]]>
  </system-out>
</testsuite> <!-- com.trello.Project.endtoend.TrelloBoard -->
